<?xml version="1.0" encoding="UTF-8"?>
<Site BuildName="Linux-clang++"
	BuildStamp="20241217-2012-Experimental"
	Name="nixos"
	Generator="ctest-3.30.5"
	CompilerName="/run/current-system/sw/bin/clang++"
	CompilerVersion=""
	OSName="Linux"
	Hostname="nixos"
	OSRelease="6.6.64"
	OSVersion="#1-NixOS SMP PREEMPT_DYNAMIC Mon Dec  9 09:33:11 UTC 2024"
	OSPlatform="x86_64"
	Is64Bits="1"
	VendorString="AuthenticAMD"
	VendorID="Advanced Micro Devices"
	FamilyID="25"
	ModelID="116"
	ProcessorCacheSize="1024"
	NumberOfLogicalCPU="16"
	NumberOfPhysicalCPU="8"
	TotalVirtualMemory="0"
	TotalPhysicalMemory="60079"
	LogicalProcessorsPerPhysical="2"
	ProcessorClockFrequency="1866.39"
	>
	<Testing>
		<StartDateTime>Dec 17 17:34 EST</StartDateTime>
		<StartTestTime>1734474866</StartTestTime>
		<TestList/>
		<EndDateTime>Dec 17 17:34 EST</EndDateTime>
		<EndTestTime>1734474866</EndTestTime>
		<ElapsedMinutes>0</ElapsedMinutes>
	</Testing>
</Site>
